[0m15:41:53.796533 [debug] [MainThread]: Sending event: {'category': 'dbt', 'action': 'invocation', 'label': 'start', 'context': [<snowplow_tracker.self_describing_json.SelfDescribingJson object at 0x0000026DE6E48860>, <snowplow_tracker.self_describing_json.SelfDescribingJson object at 0x0000026DEA3F39B0>, <snowplow_tracker.self_describing_json.SelfDescribingJson object at 0x0000026DEA3F0BF0>]}


============================== 15:41:53.799735 | 49f88628-be84-4a64-b18b-884e65399405 ==============================
[0m15:41:53.799735 [info ] [MainThread]: Running with dbt=1.11.11
[0m15:41:53.800777 [debug] [MainThread]: running dbt with arguments {'static_parser': 'True', 'no_print': 'None', 'version_check': 'True', 'warn_error_options': 'WarnErrorOptionsV2(error=[], warn=[], silence=[])', 'target_path': 'None', 'printer_width': '80', 'write_json': 'True', 'empty': 'None', 'log_cache_events': 'False', 'introspect': 'True', 'cache_selected_only': 'False', 'fail_fast': 'False', 'debug': 'False', 'log_format': 'default', 'partial_parse': 'True', 'send_anonymous_usage_stats': 'True', 'quiet': 'False', 'warn_error': 'None', 'profiles_dir': 'C:\\Users\\RIYA\\.dbt', 'use_colors': 'True', 'invocation_command': 'dbt init joblens', 'indirect_selection': 'eager', 'use_experimental_parser': 'False', 'log_path': 'logs'}
[0m15:41:53.814536 [info ] [MainThread]: Creating dbt configuration folder at C:\Users\RIYA\.dbt
[0m15:41:53.817738 [debug] [MainThread]: Starter project path: C:\Users\RIYA\OneDrive\Desktop\joblens\venv\Lib\site-packages\dbt\include\starter_project
[0m15:41:53.829960 [info ] [MainThread]: 
Your new dbt project "joblens" was created!

For more information on how to configure the profiles.yml file,
please consult the dbt documentation here:

  https://docs.getdbt.com/docs/configure-your-profile

One more thing:

Need help? Don't hesitate to reach out to us via GitHub issues or on Slack:

  https://community.getdbt.com/

Happy modeling!

[0m15:41:53.830956 [info ] [MainThread]: Setting up your profile.
[0m15:42:06.092615 [debug] [MainThread]: Snowflake adapter: Setting snowflake.connector to ERROR (file logging only)
[0m15:42:06.092615 [debug] [MainThread]: Snowflake adapter: Setting botocore to ERROR (file logging only)
[0m15:42:06.092615 [debug] [MainThread]: Snowflake adapter: Setting boto3 to ERROR (file logging only)
[0m15:43:01.271590 [info ] [MainThread]: Profile joblens written to C:\Users\RIYA\.dbt\profiles.yml using target's profile_template.yml and your supplied values. Run 'dbt debug' to validate the connection.
[0m15:43:01.272671 [debug] [MainThread]: Command `dbt init` succeeded at 15:43:01.272671 after 67.62 seconds
[0m15:43:01.273931 [debug] [MainThread]: Sending event: {'category': 'dbt', 'action': 'invocation', 'label': 'end', 'context': [<snowplow_tracker.self_describing_json.SelfDescribingJson object at 0x0000026DE80A71D0>, <snowplow_tracker.self_describing_json.SelfDescribingJson object at 0x0000026DFCA6C980>, <snowplow_tracker.self_describing_json.SelfDescribingJson object at 0x0000026DFCC1DC40>]}
[0m15:43:01.273931 [debug] [MainThread]: Flushing usage events
[0m15:43:01.715659 [debug] [MainThread]: An error was encountered while trying to flush usage events
